2021-10-21T15:08:40+00:00 CRITICAL Uncaught Error: Call to undefined method WP_Error::get_data() in C:\xampp\htdocs\afnomasupasal\wp-content\plugins\woocommerce\packages\woocommerce-blocks\src\RestApi.php:64
Stack trace:
#0 C:\xampp\htdocs\afnomasupasal\wp-content\plugins\woocommerce\packages\woocommerce-blocks\src\BlockTypes\AbstractBlock.php(359): Automattic\WooCommerce\Blocks\RestApi->get_routes_from_namespace('wc/store')
#1 C:\xampp\htdocs\afnomasupasal\wp-content\plugins\woocommerce\packages\woocommerce-blocks\src\BlockTypes\AbstractProductGrid.php(512): Automattic\WooCommerce\Blocks\BlockTypes\AbstractBlock->enqueue_data(Array)
#2 C:\xampp\htdocs\afnomasupasal\wp-content\plugins\woocommerce\packages\woocommerce-blocks\src\BlockTypes\AbstractBlock.php(297): Automattic\WooCommerce\Blocks\BlockTypes\AbstractProductGrid->enqueue_data(Array)
#3 C:\xampp\htdocs\afnomasupasal\wp-content\plugins\woocommerce\packages\woocommerce-blocks\src\BlockTypes\AbstractBlock.php(85): Automattic\WooCommerce\Blocks\BlockTypes\AbstractBlock->enqueue_assets(Array)
#4 C:\xampp\htdocs\afnomasupasal\wp-includes\class-wp-block.php(221): Automattic\WooCommerce\Blocks\BlockTypes\AbstractBlock->render_callback(Array, '', Object(WP_Block))
#5 C:\xampp\htdocs\afnomasupasal\wp-includes\blocks.php(868): WP_Block->render()
#6 C:\xampp\htdocs\afnomasupasal\wp-includes\blocks.php(906): render_block(Array)
#7 C:\xampp\htdocs\afnomasupasal\wp-includes\class-wp-hook.php(305): do_blocks('<!-- wp:woocomm...')
#8 C:\xampp\htdocs\afnomasupasal\wp-includes\plugin.php(189): WP_Hook->apply_filters('<!-- wp:woocomm...', Array)
#9 C:\xampp\htdocs\afnomasupasal\wp-includes\widgets\class-wp-widget-block.php(81): apply_filters('widget_block_co...', '<!-- wp:woocomm...', Array, Object(WP_Widget_Block))
#10 C:\xampp\htdocs\afnomasupasal\wp-includes\class-wp-widget.php(393): WP_Widget_Block->widget(Array, Array)
#11 C:\xampp\htdocs\afnomasupasal\wp-includes\widgets.php(831): WP_Widget->display_callback(Array, Array)
#12 C:\xampp\htdocs\afnomasupasal\wp-content\themes\astra\inc\markup-extras.php(1272): dynamic_sidebar('footer-widget-2')
#13 C:\xampp\htdocs\afnomasupasal\wp-content\themes\astra\template-parts\footer\builder\components.php(74): astra_get_sidebar('footer-widget-2')
#14 C:\xampp\htdocs\afnomasupasal\wp-includes\template.php(772): require('C:\\xampp\\htdocs...')
#15 C:\xampp\htdocs\afnomasupasal\wp-includes\template.php(716): load_template('C:\\xampp\\htdocs...', false, Array)
#16 C:\xampp\htdocs\afnomasupasal\wp-includes\general-template.php(204): locate_template(Array, true, false, Array)
#17 C:\xampp\htdocs\afnomasupasal\wp-content\themes\astra\inc\core\builder\class-astra-builder-helper.php(903): get_template_part('template-parts/...', '', Array)
#18 C:\xampp\htdocs\afnomasupasal\wp-content\themes\astra\inc\builder\markup\class-astra-builder-footer.php(220): Astra_Builder_Helper::render_builder_markup('primary', 3, 'desktop', 'footer')
#19 C:\xampp\htdocs\afnomasupasal\wp-includes\class-wp-hook.php(303): Astra_Builder_Footer->render_column('primary', 3)
#20 C:\xampp\htdocs\afnomasupasal\wp-includes\class-wp-hook.php(327): WP_Hook->apply_filters('', Array)
#21 C:\xampp\htdocs\afnomasupasal\wp-includes\plugin.php(470): WP_Hook->do_action(Array)
#22 C:\xampp\htdocs\afnomasupasal\wp-content\themes\astra\template-parts\footer\builder\footer-row.php(64): do_action('astra_render_fo...', 'primary', 3)
#23 C:\xampp\htdocs\afnomasupasal\wp-includes\template.php(772): require('C:\\xampp\\htdocs...')
#24 C:\xampp\htdocs\afnomasupasal\wp-includes\template.php(716): load_template('C:\\xampp\\htdocs...', false, Array)
#25 C:\xampp\htdocs\afnomasupasal\wp-includes\general-template.php(204): locate_template(Array, true, false, Array)
#26 C:\xampp\htdocs\afnomasupasal\wp-content\themes\astra\inc\builder\markup\class-astra-builder-footer.php(179): get_template_part('template-parts/...', 'row', Array)
#27 C:\xampp\htdocs\afnomasupasal\wp-includes\class-wp-hook.php(303): Astra_Builder_Footer->primary_footer('')
#28 C:\xampp\htdocs\afnomasupasal\wp-includes\class-wp-hook.php(327): WP_Hook->apply_filters('', Array)
#29 C:\xampp\htdocs\afnomasupasal\wp-includes\plugin.php(470): WP_Hook->do_action(Array)
#30 C:\xampp\htdocs\afnomasupasal\wp-content\themes\astra\template-parts\footer\builder\desktop-builder-layout.php(37): do_action('astra_primary_f...')
#31 C:\xampp\htdocs\afnomasupasal\wp-includes\template.php(772): require('C:\\xampp\\htdocs...')
#32 C:\xampp\htdocs\afnomasupasal\wp-includes\template.php(716): load_template('C:\\xampp\\htdocs...', false, Array)
#33 C:\xampp\htdocs\afnomasupasal\wp-includes\general-template.php(204): locate_template(Array, true, false, Array)
#34 C:\xampp\htdocs\afnomasupasal\wp-content\themes\astra\inc\builder\markup\class-astra-builder-footer.php(142): get_template_part('template-parts/...')
#35 C:\xampp\htdocs\afnomasupasal\wp-includes\class-wp-hook.php(303): Astra_Builder_Footer->footer_markup('')
#36 C:\xampp\htdocs\afnomasupasal\wp-includes\class-wp-hook.php(327): WP_Hook->apply_filters(NULL, Array)
#37 C:\xampp\htdocs\afnomasupasal\wp-includes\plugin.php(470): WP_Hook->do_action(Array)
#38 C:\xampp\htdocs\afnomasupasal\wp-content\themes\astra\inc\core\theme-hooks.php(387): do_action('astra_footer')
#39 C:\xampp\htdocs\afnomasupasal\wp-content\themes\astra\footer.php(26): astra_footer()
#40 C:\xampp\htdocs\afnomasupasal\wp-includes\template.php(770): require_once('C:\\xampp\\htdocs...')
#41 C:\xampp\htdocs\afnomasupasal\wp-includes\template.php(716): load_template('C:\\xampp\\htdocs...', true, Array)
#42 C:\xampp\htdocs\afnomasupasal\wp-includes\general-template.php(92): locate_template(Array, true, true, Array)
#43 C:\xampp\htdocs\afnomasupasal\wp-content\themes\astra\page.php(44): get_footer()
#44 C:\xampp\htdocs\afnomasupasal\wp-includes\template-loader.php(106): include('C:\\xampp\\htdocs...')
#45 C:\xampp\htdocs\afnomasupasal\wp-blog-header.php(19): require_once('C:\\xampp\\htdocs...')
#46 C:\xampp\htdocs\afnomasupasal\index.php(17): require('C:\\xampp\\htdocs...')
#47 {main}
  thrown in C:\xampp\htdocs\afnomasupasal\wp-content\plugins\woocommerce\packages\woocommerce-blocks\src\RestApi.php on line 64

2021-10-21T15:08:48+00:00 CRITICAL Uncaught Error: Call to undefined method WP_Error::get_data() in C:\xampp\htdocs\afnomasupasal\wp-content\plugins\woocommerce\packages\woocommerce-blocks\src\RestApi.php:64
Stack trace:
#0 C:\xampp\htdocs\afnomasupasal\wp-content\plugins\woocommerce\packages\woocommerce-blocks\src\BlockTypes\AbstractBlock.php(359): Automattic\WooCommerce\Blocks\RestApi->get_routes_from_namespace('wc/store')
#1 C:\xampp\htdocs\afnomasupasal\wp-content\plugins\woocommerce\packages\woocommerce-blocks\src\BlockTypes\AbstractProductGrid.php(512): Automattic\WooCommerce\Blocks\BlockTypes\AbstractBlock->enqueue_data(Array)
#2 C:\xampp\htdocs\afnomasupasal\wp-content\plugins\woocommerce\packages\woocommerce-blocks\src\BlockTypes\AbstractBlock.php(297): Automattic\WooCommerce\Blocks\BlockTypes\AbstractProductGrid->enqueue_data(Array)
#3 C:\xampp\htdocs\afnomasupasal\wp-content\plugins\woocommerce\packages\woocommerce-blocks\src\BlockTypes\AbstractBlock.php(85): Automattic\WooCommerce\Blocks\BlockTypes\AbstractBlock->enqueue_assets(Array)
#4 C:\xampp\htdocs\afnomasupasal\wp-includes\class-wp-block.php(221): Automattic\WooCommerce\Blocks\BlockTypes\AbstractBlock->render_callback(Array, '', Object(WP_Block))
#5 C:\xampp\htdocs\afnomasupasal\wp-includes\blocks.php(868): WP_Block->render()
#6 C:\xampp\htdocs\afnomasupasal\wp-includes\blocks.php(906): render_block(Array)
#7 C:\xampp\htdocs\afnomasupasal\wp-includes\class-wp-hook.php(305): do_blocks('<!-- wp:woocomm...')
#8 C:\xampp\htdocs\afnomasupasal\wp-includes\plugin.php(189): WP_Hook->apply_filters('<!-- wp:woocomm...', Array)
#9 C:\xampp\htdocs\afnomasupasal\wp-includes\widgets\class-wp-widget-block.php(81): apply_filters('widget_block_co...', '<!-- wp:woocomm...', Array, Object(WP_Widget_Block))
#10 C:\xampp\htdocs\afnomasupasal\wp-includes\class-wp-widget.php(393): WP_Widget_Block->widget(Array, Array)
#11 C:\xampp\htdocs\afnomasupasal\wp-includes\widgets.php(831): WP_Widget->display_callback(Array, Array)
#12 C:\xampp\htdocs\afnomasupasal\wp-content\themes\astra\inc\markup-extras.php(1272): dynamic_sidebar('footer-widget-2')
#13 C:\xampp\htdocs\afnomasupasal\wp-content\themes\astra\template-parts\footer\builder\components.php(74): astra_get_sidebar('footer-widget-2')
#14 C:\xampp\htdocs\afnomasupasal\wp-includes\template.php(772): require('C:\\xampp\\htdocs...')
#15 C:\xampp\htdocs\afnomasupasal\wp-includes\template.php(716): load_template('C:\\xampp\\htdocs...', false, Array)
#16 C:\xampp\htdocs\afnomasupasal\wp-includes\general-template.php(204): locate_template(Array, true, false, Array)
#17 C:\xampp\htdocs\afnomasupasal\wp-content\themes\astra\inc\core\builder\class-astra-builder-helper.php(903): get_template_part('template-parts/...', '', Array)
#18 C:\xampp\htdocs\afnomasupasal\wp-content\themes\astra\inc\builder\markup\class-astra-builder-footer.php(220): Astra_Builder_Helper::render_builder_markup('primary', 3, 'desktop', 'footer')
#19 C:\xampp\htdocs\afnomasupasal\wp-includes\class-wp-hook.php(303): Astra_Builder_Footer->render_column('primary', 3)
#20 C:\xampp\htdocs\afnomasupasal\wp-includes\class-wp-hook.php(327): WP_Hook->apply_filters('', Array)
#21 C:\xampp\htdocs\afnomasupasal\wp-includes\plugin.php(470): WP_Hook->do_action(Array)
#22 C:\xampp\htdocs\afnomasupasal\wp-content\themes\astra\template-parts\footer\builder\footer-row.php(64): do_action('astra_render_fo...', 'primary', 3)
#23 C:\xampp\htdocs\afnomasupasal\wp-includes\template.php(772): require('C:\\xampp\\htdocs...')
#24 C:\xampp\htdocs\afnomasupasal\wp-includes\template.php(716): load_template('C:\\xampp\\htdocs...', false, Array)
#25 C:\xampp\htdocs\afnomasupasal\wp-includes\general-template.php(204): locate_template(Array, true, false, Array)
#26 C:\xampp\htdocs\afnomasupasal\wp-content\themes\astra\inc\builder\markup\class-astra-builder-footer.php(179): get_template_part('template-parts/...', 'row', Array)
#27 C:\xampp\htdocs\afnomasupasal\wp-includes\class-wp-hook.php(303): Astra_Builder_Footer->primary_footer('')
#28 C:\xampp\htdocs\afnomasupasal\wp-includes\class-wp-hook.php(327): WP_Hook->apply_filters('', Array)
#29 C:\xampp\htdocs\afnomasupasal\wp-includes\plugin.php(470): WP_Hook->do_action(Array)
#30 C:\xampp\htdocs\afnomasupasal\wp-content\themes\astra\template-parts\footer\builder\desktop-builder-layout.php(37): do_action('astra_primary_f...')
#31 C:\xampp\htdocs\afnomasupasal\wp-includes\template.php(772): require('C:\\xampp\\htdocs...')
#32 C:\xampp\htdocs\afnomasupasal\wp-includes\template.php(716): load_template('C:\\xampp\\htdocs...', false, Array)
#33 C:\xampp\htdocs\afnomasupasal\wp-includes\general-template.php(204): locate_template(Array, true, false, Array)
#34 C:\xampp\htdocs\afnomasupasal\wp-content\themes\astra\inc\builder\markup\class-astra-builder-footer.php(142): get_template_part('template-parts/...')
#35 C:\xampp\htdocs\afnomasupasal\wp-includes\class-wp-hook.php(303): Astra_Builder_Footer->footer_markup('')
#36 C:\xampp\htdocs\afnomasupasal\wp-includes\class-wp-hook.php(327): WP_Hook->apply_filters(NULL, Array)
#37 C:\xampp\htdocs\afnomasupasal\wp-includes\plugin.php(470): WP_Hook->do_action(Array)
#38 C:\xampp\htdocs\afnomasupasal\wp-content\themes\astra\inc\core\theme-hooks.php(387): do_action('astra_footer')
#39 C:\xampp\htdocs\afnomasupasal\wp-content\themes\astra\footer.php(26): astra_footer()
#40 C:\xampp\htdocs\afnomasupasal\wp-includes\template.php(770): require_once('C:\\xampp\\htdocs...')
#41 C:\xampp\htdocs\afnomasupasal\wp-includes\template.php(716): load_template('C:\\xampp\\htdocs...', true, Array)
#42 C:\xampp\htdocs\afnomasupasal\wp-includes\general-template.php(92): locate_template(Array, true, true, Array)
#43 C:\xampp\htdocs\afnomasupasal\wp-content\themes\astra\page.php(44): get_footer()
#44 C:\xampp\htdocs\afnomasupasal\wp-includes\template-loader.php(106): include('C:\\xampp\\htdocs...')
#45 C:\xampp\htdocs\afnomasupasal\wp-blog-header.php(19): require_once('C:\\xampp\\htdocs...')
#46 C:\xampp\htdocs\afnomasupasal\index.php(17): require('C:\\xampp\\htdocs...')
#47 {main}
  thrown in C:\xampp\htdocs\afnomasupasal\wp-content\plugins\woocommerce\packages\woocommerce-blocks\src\RestApi.php on line 64

