2021-10-18T17:29:14+00:00 CRITICAL Uncaught Exception: Invalid data: {"data":["Array","Array"],"element":"Array"} in C:\xampp\htdocs\afnomasupasal\wp-content\plugins\elementor\core\base\document.php:851
Stack trace:
#0 C:\xampp\htdocs\afnomasupasal\wp-content\plugins\astra-sites\inc\importers\batch-processing\class-astra-sites-batch-processing-elementor.php(122): Elementor\Core\Base\Document->get_elements_raw_data(Array, true)
#1 C:\xampp\htdocs\afnomasupasal\wp-content\plugins\astra-sites\inc\importers\batch-processing\class-astra-sites-batch-processing-elementor.php(66): Elementor\TemplateLibrary\Astra_Sites_Batch_Processing_Elementor->import_single_post(2317)
#2 C:\xampp\htdocs\afnomasupasal\wp-content\plugins\astra-sites\inc\importers\batch-processing\helpers\class-wp-background-process-astra.php(41): Elementor\TemplateLibrary\Astra_Sites_Batch_Processing_Elementor->import()
#3 C:\xampp\htdocs\afnomasupasal\wp-content\plugins\woocommerce\includes\libraries\wp-background-process.php(301): WP_Background_Process_Astra->task(Object(Elementor\TemplateLibrary\Astra_Sites_Batch_Processing_Elementor))
#4 C:\xampp\htdocs\afnomasupasal\wp-content\plugins\woocommerce\includes\libraries\wp-background-process.php(447): WP_Background_Process->handle()
#5 C:\xampp\htdocs\afnomasupasal\wp-includes\class-wp-hook.php(303): WP_Background_Process->handle_cron_healthcheck()
#6 C:\xampp\htdocs\afnomasupasal\wp-includes\class-wp-hook.php(327): WP_Hook->apply_filters('', Array)
#7 C:\xampp\htdocs\afnomasupasal\wp-includes\plugin.php(518): WP_Hook->do_action(Array)
#8 C:\xampp\htdocs\afnomasupasal\wp-cron.php(138): do_action_ref_array('wp_image_proces...', Array)
#9 {main}
  thrown in C:\xampp\htdocs\afnomasupasal\wp-content\plugins\elementor\core\base\document.php on line 851

2021-10-18T17:35:05+00:00 CRITICAL Uncaught Exception: Invalid data: {"data":["Array","Array"],"element":"Array"} in C:\xampp\htdocs\afnomasupasal\wp-content\plugins\elementor\core\base\document.php:851
Stack trace:
#0 C:\xampp\htdocs\afnomasupasal\wp-content\plugins\astra-sites\inc\importers\batch-processing\class-astra-sites-batch-processing-elementor.php(122): Elementor\Core\Base\Document->get_elements_raw_data(Array, true)
#1 C:\xampp\htdocs\afnomasupasal\wp-content\plugins\astra-sites\inc\importers\batch-processing\class-astra-sites-batch-processing-elementor.php(66): Elementor\TemplateLibrary\Astra_Sites_Batch_Processing_Elementor->import_single_post(2317)
#2 C:\xampp\htdocs\afnomasupasal\wp-content\plugins\astra-sites\inc\importers\batch-processing\helpers\class-wp-background-process-astra.php(41): Elementor\TemplateLibrary\Astra_Sites_Batch_Processing_Elementor->import()
#3 C:\xampp\htdocs\afnomasupasal\wp-content\plugins\woocommerce\includes\libraries\wp-background-process.php(301): WP_Background_Process_Astra->task(Object(Elementor\TemplateLibrary\Astra_Sites_Batch_Processing_Elementor))
#4 C:\xampp\htdocs\afnomasupasal\wp-content\plugins\woocommerce\includes\libraries\wp-background-process.php(447): WP_Background_Process->handle()
#5 C:\xampp\htdocs\afnomasupasal\wp-includes\class-wp-hook.php(303): WP_Background_Process->handle_cron_healthcheck()
#6 C:\xampp\htdocs\afnomasupasal\wp-includes\class-wp-hook.php(327): WP_Hook->apply_filters('', Array)
#7 C:\xampp\htdocs\afnomasupasal\wp-includes\plugin.php(518): WP_Hook->do_action(Array)
#8 C:\xampp\htdocs\afnomasupasal\wp-cron.php(138): do_action_ref_array('wp_image_proces...', Array)
#9 {main}
  thrown in C:\xampp\htdocs\afnomasupasal\wp-content\plugins\elementor\core\base\document.php on line 851

