2021-10-25T14:58:44+00:00 CRITICAL Uncaught TypeError: call_user_func(): Argument #1 ($function) must be a valid callback, non-static method Astra_Builder_Header::header_woo_cart() cannot be called statically in C:\xampp\htdocs\afnomasupasal\wp-includes\customize\class-wp-customize-partial.php:221
Stack trace:
#0 C:\xampp\htdocs\afnomasupasal\wp-includes\customize\class-wp-customize-selective-refresh.php(371): WP_Customize_Partial->render(Array)
#1 C:\xampp\htdocs\afnomasupasal\wp-includes\class-wp-hook.php(303): WP_Customize_Selective_Refresh->handle_render_partials_request('')
#2 C:\xampp\htdocs\afnomasupasal\wp-includes\class-wp-hook.php(327): WP_Hook->apply_filters(NULL, Array)
#3 C:\xampp\htdocs\afnomasupasal\wp-includes\plugin.php(470): WP_Hook->do_action(Array)
#4 C:\xampp\htdocs\afnomasupasal\wp-includes\template-loader.php(13): do_action('template_redire...')
#5 C:\xampp\htdocs\afnomasupasal\wp-blog-header.php(19): require_once('C:\\xampp\\htdocs...')
#6 C:\xampp\htdocs\afnomasupasal\index.php(17): require('C:\\xampp\\htdocs...')
#7 {main}
  thrown in C:\xampp\htdocs\afnomasupasal\wp-includes\customize\class-wp-customize-partial.php on line 221

2021-10-25T14:58:50+00:00 CRITICAL Uncaught TypeError: call_user_func(): Argument #1 ($function) must be a valid callback, non-static method Astra_Builder_Header::header_woo_cart() cannot be called statically in C:\xampp\htdocs\afnomasupasal\wp-includes\customize\class-wp-customize-partial.php:221
Stack trace:
#0 C:\xampp\htdocs\afnomasupasal\wp-includes\customize\class-wp-customize-selective-refresh.php(371): WP_Customize_Partial->render(Array)
#1 C:\xampp\htdocs\afnomasupasal\wp-includes\class-wp-hook.php(303): WP_Customize_Selective_Refresh->handle_render_partials_request('')
#2 C:\xampp\htdocs\afnomasupasal\wp-includes\class-wp-hook.php(327): WP_Hook->apply_filters(NULL, Array)
#3 C:\xampp\htdocs\afnomasupasal\wp-includes\plugin.php(470): WP_Hook->do_action(Array)
#4 C:\xampp\htdocs\afnomasupasal\wp-includes\template-loader.php(13): do_action('template_redire...')
#5 C:\xampp\htdocs\afnomasupasal\wp-blog-header.php(19): require_once('C:\\xampp\\htdocs...')
#6 C:\xampp\htdocs\afnomasupasal\index.php(17): require('C:\\xampp\\htdocs...')
#7 {main}
  thrown in C:\xampp\htdocs\afnomasupasal\wp-includes\customize\class-wp-customize-partial.php on line 221

2021-10-25T14:58:56+00:00 CRITICAL Uncaught TypeError: call_user_func(): Argument #1 ($function) must be a valid callback, non-static method Astra_Builder_Header::header_woo_cart() cannot be called statically in C:\xampp\htdocs\afnomasupasal\wp-includes\customize\class-wp-customize-partial.php:221
Stack trace:
#0 C:\xampp\htdocs\afnomasupasal\wp-includes\customize\class-wp-customize-selective-refresh.php(371): WP_Customize_Partial->render(Array)
#1 C:\xampp\htdocs\afnomasupasal\wp-includes\class-wp-hook.php(303): WP_Customize_Selective_Refresh->handle_render_partials_request('')
#2 C:\xampp\htdocs\afnomasupasal\wp-includes\class-wp-hook.php(327): WP_Hook->apply_filters(NULL, Array)
#3 C:\xampp\htdocs\afnomasupasal\wp-includes\plugin.php(470): WP_Hook->do_action(Array)
#4 C:\xampp\htdocs\afnomasupasal\wp-includes\template-loader.php(13): do_action('template_redire...')
#5 C:\xampp\htdocs\afnomasupasal\wp-blog-header.php(19): require_once('C:\\xampp\\htdocs...')
#6 C:\xampp\htdocs\afnomasupasal\index.php(17): require('C:\\xampp\\htdocs...')
#7 {main}
  thrown in C:\xampp\htdocs\afnomasupasal\wp-includes\customize\class-wp-customize-partial.php on line 221

2021-10-25T23:15:14+00:00 CRITICAL Uncaught TypeError: call_user_func_array(): Argument #1 ($function) must be a valid callback, class "Freemius" not found in C:\xampp\htdocs\afnomasupasal\wp-includes\class-wp-hook.php:303
Stack trace:
#0 C:\xampp\htdocs\afnomasupasal\wp-includes\class-wp-hook.php(327): WP_Hook->apply_filters('', Array)
#1 C:\xampp\htdocs\afnomasupasal\wp-includes\plugin.php(470): WP_Hook->do_action(Array)
#2 C:\xampp\htdocs\afnomasupasal\wp-admin\includes\plugin.php(1272): do_action('uninstall_add-s...')
#3 C:\xampp\htdocs\afnomasupasal\wp-admin\includes\plugin.php(965): uninstall_plugin('add-search-to-m...')
#4 C:\xampp\htdocs\afnomasupasal\wp-admin\includes\ajax-actions.php(4598): delete_plugins(Array)
#5 C:\xampp\htdocs\afnomasupasal\wp-includes\class-wp-hook.php(303): wp_ajax_delete_plugin('')
#6 C:\xampp\htdocs\afnomasupasal\wp-includes\class-wp-hook.php(327): WP_Hook->apply_filters('', Array)
#7 C:\xampp\htdocs\afnomasupasal\wp-includes\plugin.php(470): WP_Hook->do_action(Array)
#8 C:\xampp\htdocs\afnomasupasal\wp-admin\admin-ajax.php(187): do_action('wp_ajax_delete-...')
#9 {main}
  thrown in C:\xampp\htdocs\afnomasupasal\wp-includes\class-wp-hook.php on line 303

